
Showing logs for build [32mtwingg-go-demo-6-master-release-8mpcc-3[0m stage [32mfrom-build-pack[0m and container [32mstep-credential-initializer-jd2z4[0m
{"level":"warn","ts":1570015628.3418086,"logger":"fallback-logger","caller":"logging/config.go:69","msg":"Fetch GitHub commit ID from kodata failed: \"ref: refs/heads/master\" is not a valid GitHub commit ID"}
{"level":"info","ts":1570015628.342247,"logger":"fallback-logger","caller":"creds-init/main.go:40","msg":"Credentials initialized."}

Showing logs for build [32mtwingg-go-demo-6-master-release-8mpcc-3[0m stage [32mfrom-build-pack[0m and container [32mstep-working-dir-initializer-79t4d[0m
{"level":"warn","ts":1570015629.330532,"logger":"fallback-logger","caller":"logging/config.go:69","msg":"Fetch GitHub commit ID from kodata failed: open /var/run/ko/HEAD: no such file or directory"}
{"level":"info","ts":1570015629.332637,"logger":"fallback-logger","caller":"bash/main.go:65","msg":"Successfully executed command \"mkdir -p /workspace/source /workspace/source/charts/go-demo-6\""}

Showing logs for build [32mtwingg-go-demo-6-master-release-8mpcc-3[0m stage [32mfrom-build-pack[0m and container [32mstep-place-tools[0m

Showing logs for build [32mtwingg-go-demo-6-master-release-8mpcc-3[0m stage [32mfrom-build-pack[0m and container [32mstep-git-source-twingg-go-demo-6-master-release-8zh56[0m
{"level":"warn","ts":1570015637.4669268,"logger":"fallback-logger","caller":"logging/config.go:69","msg":"Fetch GitHub commit ID from kodata failed: \"ref: refs/heads/master\" is not a valid GitHub commit ID"}
{"level":"info","ts":1570015637.8530169,"logger":"fallback-logger","caller":"git/git.go:102","msg":"Successfully cloned https://github.com/******/go-demo-6.git @ v1.0.413 in path /workspace/source"}

Showing logs for build [32mtwingg-go-demo-6-master-release-8mpcc-3[0m stage [32mfrom-build-pack[0m and container [32mstep-git-merge[0m
Using SHAs from PULL_REFS=master:18923c720f25158a2f4261367a3d8c6d5139e855
WARNING: no SHAs to merge, falling back to initial cloned commit

Showing logs for build [32mtwingg-go-demo-6-master-release-8mpcc-3[0m stage [32mfrom-build-pack[0m and container [32mstep-setup-jx-git-credentials[0m
Generated Git credentials file /workspace/xdg_config/git/credentials

Showing logs for build [32mtwingg-go-demo-6-master-release-8mpcc-3[0m stage [32mfrom-build-pack[0m and container [32mstep-build-make-build[0m
go: finding github.com/stretchr/objx v0.1.1
go: finding github.com/stretchr/testify v1.2.2
go: finding github.com/prometheus/client_model v0.0.0-20180712105110-5c3871d89910
go: finding github.com/matttproud/golang_protobuf_extensions v1.0.1
go: finding github.com/pmezard/go-difflib v1.0.0
go: finding github.com/beorn7/perks v0.0.0-20180321164747-3a771d992973
go: finding github.com/davecgh/go-spew v1.1.1
go: finding github.com/golang/protobuf v1.2.0
go: finding github.com/prometheus/client_golang v0.9.2
go: finding gopkg.in/mgo.v2 v2.0.0-20180705113604-9856a29383ce
go: finding github.com/prometheus/common v0.0.0-20181126121408-4724e9255275
go: finding github.com/prometheus/procfs v0.0.0-20181204211112-1dc9a6cbc91a
go: finding golang.org/x/sync v0.0.0-20181108010431-42b317875d0f
go: finding golang.org/x/net v0.0.0-20181201002055-351d144fa1fc
go: downloading github.com/prometheus/client_golang v0.9.2
go: downloading gopkg.in/mgo.v2 v2.0.0-20180705113604-9856a29383ce
go: extracting github.com/prometheus/client_golang v0.9.2
go: downloading github.com/prometheus/client_model v0.0.0-20180712105110-5c3871d89910
go: downloading github.com/prometheus/common v0.0.0-20181126121408-4724e9255275
go: downloading github.com/beorn7/perks v0.0.0-20180321164747-3a771d992973
go: downloading github.com/prometheus/procfs v0.0.0-20181204211112-1dc9a6cbc91a
go: downloading github.com/golang/protobuf v1.2.0
go: extracting github.com/beorn7/perks v0.0.0-20180321164747-3a771d992973
go: extracting gopkg.in/mgo.v2 v2.0.0-20180705113604-9856a29383ce
go: extracting github.com/prometheus/client_model v0.0.0-20180712105110-5c3871d89910
go: extracting github.com/prometheus/procfs v0.0.0-20181204211112-1dc9a6cbc91a
go: extracting github.com/prometheus/common v0.0.0-20181126121408-4724e9255275
go: downloading github.com/matttproud/golang_protobuf_extensions v1.0.1
go: extracting github.com/matttproud/golang_protobuf_extensions v1.0.1
go: extracting github.com/golang/protobuf v1.2.0
CGO_ENABLED=0 GO15VENDOREXPERIMENT=1 go build -ldflags '' -o bin/go-demo-6 main.go

Showing logs for build [32mtwingg-go-demo-6-master-release-8mpcc-3[0m stage [32mfrom-build-pack[0m and container [32mstep-build-container-build[0m
[36mINFO[0m[0000] No base image, nothing to extract            
[36mINFO[0m[0000] cmd: EXPOSE                                  
[36mINFO[0m[0000] Adding exposed port: 8080/tcp                
[36mINFO[0m[0000] Using files from context: [/workspace/source/bin] 
[36mINFO[0m[0000] Skipping unpacking as no commands require it. 
[36mINFO[0m[0000] Taking snapshot of full filesystem...        
[36mINFO[0m[0000] EXPOSE 8080                                  
[36mINFO[0m[0000] cmd: EXPOSE                                  
[36mINFO[0m[0000] Adding exposed port: 8080/tcp                
[36mINFO[0m[0000] No files changed in this command, skipping snapshotting. 
[36mINFO[0m[0000] ENTRYPOINT ["/go-demo-6"]                    
[36mINFO[0m[0000] No files changed in this command, skipping snapshotting. 
[36mINFO[0m[0000] Using files from context: [/workspace/source/bin] 
[36mINFO[0m[0000] COPY ./bin/ /                                
[36mINFO[0m[0000] Taking snapshot of files...                  
ERROR: logging before flag.Parse: E1002 11:27:27.958045      10 metadata.go:159] while reading 'google-dockercfg-url' metadata: http status code: 404 while fetching url http://metadata.google.internal./computeMetadata/v1/instance/attributes/google-dockercfg-url
ERROR: logging before flag.Parse: E1002 11:27:27.964821      10 metadata.go:142] while reading 'google-dockercfg' metadata: http status code: 404 while fetching url http://metadata.google.internal./computeMetadata/v1/instance/attributes/google-dockercfg
2019/10/02 11:27:28 pushed blob: sha256:993404f8172ca1fa7f0e70756a61ed55f0f945b1f532eaf7ca6cf964cf0e7aab
2019/10/02 11:27:28 pushed blob: sha256:ea99ab77b4c7687461756d169521061632257f4897c31fe253a36e12703e08ab
2019/10/02 11:27:28 10.31.244.30:5000/******/go-demo-6:1.0.413: digest: sha256:4b30a8ba31665dd2e96cb72e4d8ee4d76fe90f8269ff19d3c3a5a9d5d10c74c7 size: 428

Showing logs for build [32mtwingg-go-demo-6-master-release-8mpcc-3[0m stage [32mfrom-build-pack[0m and container [32mstep-build-post-build[0m
no CVE provider running in the current ****** namespace so skip adding image to be analysed

Showing logs for build [32mtwingg-go-demo-6-master-release-8mpcc-3[0m stage [32mfrom-build-pack[0m and container [32mstep-promote-changelog[0m
Converted /workspace/source/charts/go-demo-6 to an unshallow repository
Generating change log from git ref 3ce7be7d936dbbd2968e827c6490e210a6dcd52e => 29582527a972af666dc7717c04a8df712b36f131
Associating user x-0 in users.jenkins.io with email aleksandrs.aksenovskis@tieto.com to git GitProvider user with login -0 as emails match
Adding label jenkins.io/git-github-userid=-0 to user x-0 in users.jenkins.io
WARNING: Failed to enrich commit 18923c720f25158a2f4261367a3d8c6d5139e855 with issues: User.jenkins.io "x-0" is invalid: metadata.labels: Invalid value: "-0": a valid label must be an empty string or consist of alphanumeric characters, '-', '_' or '.', and must start and end with an alphanumeric character (e.g. 'MyValue',  or 'my_value',  or '12345', regex used for validation is '(([A-Za-z0-9][-A-Za-z0-9_.]*)?[A-Za-z0-9])?')
Associating user x-0 in users.jenkins.io with email aleksandrs.aksenovskis@tieto.com to git GitProvider user with login -0 as emails match
Adding label jenkins.io/git-github-userid=-0 to user x-0 in users.jenkins.io
WARNING: Failed to enrich commit 18923c720f25158a2f4261367a3d8c6d5139e855 with issues: User.jenkins.io "x-0" is invalid: metadata.labels: Invalid value: "-0": a valid label must be an empty string or consist of alphanumeric characters, '-', '_' or '.', and must start and end with an alphanumeric character (e.g. 'MyValue',  or 'my_value',  or '12345', regex used for validation is '(([A-Za-z0-9][-A-Za-z0-9_.]*)?[A-Za-z0-9])?')
Finding issues in commit messages using git format
WARNING: No release found for ******/go-demo-6 and tag v1.0.413 so creating a new release
Updated the release information at https://github.com/******/go-demo-6/releases/tag/v1.0.413
generated: /workspace/source/charts/go-demo-6/templates/release.yaml
Created Release go-demo-6-1-0-413 resource in namespace ******
Updating PipelineActivity ******-go-demo-6-master-3 with version 1.0.413
Updated PipelineActivities ******-go-demo-6-master-3 with release notes URL: https://github.com/******/go-demo-6/releases/tag/v1.0.413

Showing logs for build [32mtwingg-go-demo-6-master-release-8mpcc-3[0m stage [32mfrom-build-pack[0m and container [32mstep-promote-helm-release[0m
WARNING: No $CHART_REPOSITORY defined so using the default value of: http://jenkins-x-chartmuseum:8080
Adding missing Helm repo: storage.googleapis.com https://storage.googleapis.com/chartmuseum.jenkins-x.io
Successfully added Helm repository storage.googleapis.com.
Adding missing Helm repo: jenkins-x-chartmuseum http://jenkins-x-chartmuseum:8080
Successfully added Helm repository jenkins-x-chartmuseum.
WARNING: No $CHART_REPOSITORY defined so using the default value of: http://jenkins-x-chartmuseum:8080
WARNING: No $CHART_REPOSITORY defined so using the default value of: http://jenkins-x-chartmuseum:8080
Uploading chart file go-demo-6-1.0.413.tgz to http://jenkins-x-chartmuseum:8080/api/charts
Received 201 response: {"saved":true}

Showing logs for build [32mtwingg-go-demo-6-master-release-8mpcc-3[0m stage [32mfrom-build-pack[0m and container [32mstep-promote-jx-promote[0m
WARNING: prow based install so skip waiting for the merge of Pull Requests to go green as currently there is an issue with gettingstatuses from the PR, see https://github.com/jenkins-x/jx/issues/2410
Promoting app go-demo-6 version 1.0.413 to namespace ******-staging
Created Pull Request: https://github.com/******/environment-jx-rocks-staging/pull/4
Pull Request https://github.com/******/environment-jx-rocks-staging/pull/4 is merged at sha 1124ea15b90c9eba772220980f635f7faef65baa
Pull Request merged but we are not waiting for the update pipeline to complete!
